<?xml version="1.0" encoding="UTF-8"?>
<testsuite name="TestSuite" time="3.217" tests="3" errors="0" skipped="0" failures="0">
  <properties>
    <property name="java.runtime.name" value="Java(TM) SE Runtime Environment"/>
    <property name="java.vm.version" value="11.0.10+8-LTS-162"/>
    <property name="sun.boot.library.path" value="/Library/Java/JavaVirtualMachines/jdk-11.0.10.jdk/Contents/Home/lib"/>
    <property name="gopherProxySet" value="false"/>
    <property name="maven.multiModuleProjectDirectory" value="/Users/saritha.nair/Documents/mine/myLearning/workspace/test/BookAFlight"/>
    <property name="java.vm.vendor" value="Oracle Corporation"/>
    <property name="java.vendor.url" value="https://openjdk.java.net/"/>
    <property name="guice.disable.misplaced.annotation.check" value="true"/>
    <property name="path.separator" value=":"/>
    <property name="java.vm.name" value="Java HotSpot(TM) 64-Bit Server VM"/>
    <property name="sun.os.patch.level" value="unknown"/>
    <property name="user.country" value="IN"/>
    <property name="sun.java.launcher" value="SUN_STANDARD"/>
    <property name="java.vm.specification.name" value="Java Virtual Machine Specification"/>
    <property name="user.dir" value="/Users/saritha.nair/Documents/mine/myLearning/workspace/test/BookAFlight"/>
    <property name="java.vm.compressedOopsMode" value="Zero based"/>
    <property name="java.runtime.version" value="11.0.10+8-LTS-162"/>
    <property name="java.awt.graphicsenv" value="sun.awt.CGraphicsEnvironment"/>
    <property name="os.arch" value="x86_64"/>
    <property name="java.io.tmpdir" value="/var/folders/r2/s3s8wtb90czdpczrvjnq5t610b4g53/T/"/>
    <property name="line.separator" value="&#10;"/>
    <property name="java.vm.specification.vendor" value="Oracle Corporation"/>
    <property name="os.name" value="Mac OS X"/>
    <property name="classworlds.conf" value="/Users/saritha.nair/Documents/mine/myLearning/travel-test/.metadata/.plugins/org.eclipse.m2e.launching/launches/m2conf685139606007794626.tmp"/>
    <property name="sun.jnu.encoding" value="UTF-8"/>
    <property name="java.library.path" value="/Users/saritha.nair/Library/Java/Extensions:/Library/Java/Extensions:/Network/Library/Java/Extensions:/System/Library/Java/Extensions:/usr/lib/java:."/>
    <property name="jdk.debug" value="release"/>
    <property name="java.class.version" value="55.0"/>
    <property name="java.specification.name" value="Java Platform API Specification"/>
    <property name="sun.management.compiler" value="HotSpot 64-Bit Tiered Compilers"/>
    <property name="os.version" value="10.15.7"/>
    <property name="user.home" value="/Users/saritha.nair"/>
    <property name="user.timezone" value="Asia/Kolkata"/>
    <property name="java.awt.printerjob" value="sun.lwawt.macosx.CPrinterJob"/>
    <property name="file.encoding" value="UTF-8"/>
    <property name="java.specification.version" value="11"/>
    <property name="user.name" value="saritha.nair"/>
    <property name="java.class.path" value="/Users/saritha.nair/.p2/pool/plugins/org.eclipse.m2e.maven.runtime_1.16.0.20210129-0849/jars/plexus-classworlds-2.6.0.jar"/>
    <property name="java.vm.specification.version" value="11"/>
    <property name="sun.arch.data.model" value="64"/>
    <property name="sun.java.command" value="org.codehaus.plexus.classworlds.launcher.Launcher -B test"/>
    <property name="java.home" value="/Library/Java/JavaVirtualMachines/jdk-11.0.10.jdk/Contents/Home"/>
    <property name="user.language" value="en"/>
    <property name="java.specification.vendor" value="Oracle Corporation"/>
    <property name="awt.toolkit" value="sun.lwawt.macosx.LWCToolkit"/>
    <property name="java.vm.info" value="mixed mode"/>
    <property name="java.version" value="11.0.10"/>
    <property name="java.vendor" value="Oracle Corporation"/>
    <property name="maven.home" value="/Users/saritha.nair/Documents/mine/myLearning/workspace/test/BookAFlight/EMBEDDED"/>
    <property name="file.separator" value="/"/>
    <property name="java.version.date" value="2021-01-19"/>
    <property name="java.vendor.url.bug" value="https://bugreport.java.com/bugreport/"/>
    <property name="sun.io.unicode.encoding" value="UnicodeBig"/>
    <property name="sun.cpu.endian" value="little"/>
    <property name="java.vendor.version" value="18.9"/>
    <property name="sun.cpu.isalist" value=""/>
  </properties>
  <testcase name="selectCities" classname="tests.BookFlightTest" time="0.654"/>
  <testcase name="bookFlight" classname="tests.BookFlightTest" time="2.525"/>
  <testcase name="verifyBooking" classname="tests.BookFlightTest" time="0.038"/>
</testsuite>