<?xml version="1.0" encoding="UTF-8"?>
<!-- Generated by org.testng.reporters.JUnitReportReporter -->
<testsuite hostname="INBL2-SHYMD6M" failures="0" tests="3" name="tests.BookFlightTest" time="2.244" errors="0" timestamp="2021-06-04T21:53:58 IST" skipped="0">
  <testcase classname="tests.BookFlightTest" name="selectCities" time="0.731"/>
  <system-out/>
  <testcase classname="tests.BookFlightTest" name="bookFlight" time="1.475"/>
  <system-out/>
  <testcase classname="tests.BookFlightTest" name="verifyBooking" time="0.038"/>
  <system-out/>
</testsuite> <!-- tests.BookFlightTest -->
